2013/03/26 13:57:08 [trace] [system.CModule] Loading "log" application component
in /var/www/myapp/frontend/index.php (15)
2013/03/26 13:57:08 [trace] [system.CModule] Loading "request" application component
in /var/www/myapp/frontend/index.php (15)
2013/03/26 13:57:08 [trace] [system.CModule] Loading "urlManager" application component
in /var/www/myapp/frontend/index.php (15)
2013/03/26 13:57:08 [trace] [system.CModule] Loading "coreMessages" application component
in /var/www/myapp/frontend/index.php (15)
2013/03/26 13:57:08 [error] [exception.CHttpException.404] exception 'CHttpException' with message 'Unable to resolve the request "site".' in /var/www/myapp/yii/web/CWebApplication.php:286
Stack trace:
#0 /var/www/myapp/yii/web/CWebApplication.php(141): CWebApplication->runController('')
#1 /var/www/myapp/yii/base/CApplication.php(169): CWebApplication->processRequest()
#2 /var/www/myapp/frontend/index.php(15): CApplication->run()
#3 {main}
REQUEST_URI=/myapp/frontend/
HTTP_REFERER=http://localhost/myapp/
---
2013/03/26 13:57:08 [trace] [system.CModule] Loading "errorHandler" application component
2013/03/26 13:57:33 [trace] [system.CModule] Loading "log" application component
in /var/www/myapp/frontend/index.php (15)
2013/03/26 13:57:33 [trace] [system.CModule] Loading "request" application component
in /var/www/myapp/frontend/index.php (15)
2013/03/26 13:57:33 [trace] [system.CModule] Loading "urlManager" application component
in /var/www/myapp/frontend/index.php (15)
2013/03/26 13:57:33 [trace] [system.CModule] Loading "widgetFactory" application component
in /var/www/myapp/common/views/layouts/column1.php (2)
in /var/www/myapp/common/controllers/SiteController.php (32)
in /var/www/myapp/frontend/index.php (15)
2013/03/26 13:57:33 [trace] [system.CModule] Loading "user" application component
in /var/www/myapp/common/views/layouts/main.php (35)
in /var/www/myapp/common/views/layouts/column1.php (6)
in /var/www/myapp/common/controllers/SiteController.php (32)
2013/03/26 13:57:33 [trace] [system.CModule] Loading "session" application component
in /var/www/myapp/common/views/layouts/main.php (35)
in /var/www/myapp/common/views/layouts/column1.php (6)
in /var/www/myapp/common/controllers/SiteController.php (32)
2013/03/26 13:57:33 [trace] [system.CModule] Loading "coreMessages" application component
in /var/www/myapp/common/views/layouts/main.php (53)
in /var/www/myapp/common/views/layouts/column1.php (6)
in /var/www/myapp/common/controllers/SiteController.php (32)
2013/03/26 13:57:33 [trace] [system.CModule] Loading "clientScript" application component
in /var/www/myapp/common/controllers/SiteController.php (32)
in /var/www/myapp/frontend/index.php (15)
2013/03/26 13:57:36 [trace] [system.CModule] Loading "log" application component
in /var/www/myapp/frontend/index.php (15)
2013/03/26 13:57:36 [trace] [system.CModule] Loading "request" application component
in /var/www/myapp/frontend/index.php (15)
2013/03/26 13:57:36 [trace] [system.CModule] Loading "urlManager" application component
in /var/www/myapp/frontend/index.php (15)
2013/03/26 13:57:36 [trace] [system.CModule] Loading "widgetFactory" application component
in /var/www/myapp/common/views/layouts/column1.php (2)
in /var/www/myapp/frontend/index.php (15)
2013/03/26 13:57:36 [trace] [system.CModule] Loading "user" application component
in /var/www/myapp/common/views/layouts/main.php (35)
in /var/www/myapp/common/views/layouts/column1.php (6)
in /var/www/myapp/frontend/index.php (15)
2013/03/26 13:57:36 [trace] [system.CModule] Loading "session" application component
in /var/www/myapp/common/views/layouts/main.php (35)
in /var/www/myapp/common/views/layouts/column1.php (6)
in /var/www/myapp/frontend/index.php (15)
2013/03/26 13:57:36 [trace] [system.CModule] Loading "coreMessages" application component
in /var/www/myapp/common/views/layouts/main.php (43)
in /var/www/myapp/common/views/layouts/column1.php (6)
in /var/www/myapp/frontend/index.php (15)
2013/03/26 13:57:36 [trace] [system.CModule] Loading "clientScript" application component
in /var/www/myapp/frontend/index.php (15)
2013/03/26 13:57:36 [trace] [system.CModule] Loading "log" application component
in /var/www/myapp/frontend/index.php (15)
2013/03/26 13:57:36 [trace] [system.CModule] Loading "request" application component
in /var/www/myapp/frontend/index.php (15)
2013/03/26 13:57:36 [trace] [system.CModule] Loading "urlManager" application component
in /var/www/myapp/frontend/index.php (15)
2013/03/26 13:57:36 [trace] [system.CModule] Loading "user" application component
in /var/www/myapp/common/views/site/contact.php (14)
in /var/www/myapp/common/controllers/SiteController.php (72)
in /var/www/myapp/frontend/index.php (15)
2013/03/26 13:57:36 [trace] [system.CModule] Loading "session" application component
in /var/www/myapp/common/views/site/contact.php (14)
in /var/www/myapp/common/controllers/SiteController.php (72)
in /var/www/myapp/frontend/index.php (15)
2013/03/26 13:57:36 [trace] [system.CModule] Loading "widgetFactory" application component
in /var/www/myapp/common/views/site/contact.php (34)
in /var/www/myapp/common/controllers/SiteController.php (72)
in /var/www/myapp/frontend/index.php (15)
2013/03/26 13:57:36 [trace] [system.CModule] Loading "coreMessages" application component
in /var/www/myapp/common/views/site/contact.php (38)
in /var/www/myapp/common/controllers/SiteController.php (72)
in /var/www/myapp/frontend/index.php (15)
2013/03/26 13:57:36 [trace] [system.CModule] Loading "clientScript" application component
in /var/www/myapp/common/views/site/contact.php (68)
in /var/www/myapp/common/controllers/SiteController.php (72)
in /var/www/myapp/frontend/index.php (15)
2013/03/26 13:57:36 [trace] [system.CModule] Loading "assetManager" application component
in /var/www/myapp/common/controllers/SiteController.php (72)
in /var/www/myapp/frontend/index.php (15)
2013/03/26 13:57:36 [trace] [system.CModule] Loading "log" application component
in /var/www/myapp/frontend/index.php (15)
2013/03/26 13:57:36 [trace] [system.CModule] Loading "request" application component
in /var/www/myapp/frontend/index.php (15)
2013/03/26 13:57:36 [trace] [system.CModule] Loading "urlManager" application component
in /var/www/myapp/frontend/index.php (15)
2013/03/26 13:57:36 [trace] [system.CModule] Loading "session" application component
in /var/www/myapp/frontend/index.php (15)
2013/03/26 13:57:37 [trace] [system.CModule] Loading "log" application component
in /var/www/myapp/frontend/index.php (15)
2013/03/26 13:57:37 [trace] [system.CModule] Loading "request" application component
in /var/www/myapp/frontend/index.php (15)
2013/03/26 13:57:37 [trace] [system.CModule] Loading "urlManager" application component
in /var/www/myapp/frontend/index.php (15)
2013/03/26 13:57:37 [trace] [system.CModule] Loading "widgetFactory" application component
in /var/www/myapp/common/views/site/login.php (23)
in /var/www/myapp/common/controllers/SiteController.php (98)
in /var/www/myapp/frontend/index.php (15)
2013/03/26 13:57:37 [trace] [system.CModule] Loading "coreMessages" application component
in /var/www/myapp/common/views/site/login.php (30)
in /var/www/myapp/common/controllers/SiteController.php (98)
in /var/www/myapp/frontend/index.php (15)
2013/03/26 13:57:37 [trace] [system.CModule] Loading "clientScript" application component
in /var/www/myapp/common/views/site/login.php (52)
in /var/www/myapp/common/controllers/SiteController.php (98)
in /var/www/myapp/frontend/index.php (15)
2013/03/26 13:57:37 [trace] [system.CModule] Loading "user" application component
in /var/www/myapp/common/views/layouts/main.php (35)
in /var/www/myapp/common/views/layouts/column1.php (6)
in /var/www/myapp/common/controllers/SiteController.php (98)
2013/03/26 13:57:37 [trace] [system.CModule] Loading "session" application component
in /var/www/myapp/common/views/layouts/main.php (35)
in /var/www/myapp/common/views/layouts/column1.php (6)
in /var/www/myapp/common/controllers/SiteController.php (98)
2013/03/26 13:57:37 [trace] [system.CModule] Loading "assetManager" application component
in /var/www/myapp/common/controllers/SiteController.php (98)
in /var/www/myapp/frontend/index.php (15)
2013/03/26 13:57:45 [trace] [system.CModule] Loading "log" application component
in /var/www/myapp/frontend/index.php (15)
2013/03/26 13:57:45 [trace] [system.CModule] Loading "request" application component
in /var/www/myapp/frontend/index.php (15)
2013/03/26 13:57:45 [trace] [system.CModule] Loading "urlManager" application component
in /var/www/myapp/frontend/index.php (15)
2013/03/26 13:57:45 [trace] [system.CModule] Loading "widgetFactory" application component
in /var/www/myapp/common/views/layouts/column1.php (2)
in /var/www/myapp/common/controllers/SiteController.php (32)
in /var/www/myapp/frontend/index.php (15)
2013/03/26 13:57:45 [trace] [system.CModule] Loading "user" application component
in /var/www/myapp/common/views/layouts/main.php (35)
in /var/www/myapp/common/views/layouts/column1.php (6)
in /var/www/myapp/common/controllers/SiteController.php (32)
2013/03/26 13:57:45 [trace] [system.CModule] Loading "session" application component
in /var/www/myapp/common/views/layouts/main.php (35)
in /var/www/myapp/common/views/layouts/column1.php (6)
in /var/www/myapp/common/controllers/SiteController.php (32)
2013/03/26 13:57:45 [trace] [system.CModule] Loading "coreMessages" application component
in /var/www/myapp/common/views/layouts/main.php (53)
in /var/www/myapp/common/views/layouts/column1.php (6)
in /var/www/myapp/common/controllers/SiteController.php (32)
2013/03/26 13:57:45 [trace] [system.CModule] Loading "clientScript" application component
in /var/www/myapp/common/controllers/SiteController.php (32)
in /var/www/myapp/frontend/index.php (15)
